<?xml version="1.1" encoding="UTF-8"?>
<testsuite name="com.servicetrackingsystems.gradletest.FirstTest" tests="1" failures="0" errors="0" timestamp="1970-01-01T00:00:00" hostname="Eds-MacBook-Pro.local" time="1.387560733521E9">
  <properties/>
  <testcase name="testInstantiation" classname="com.servicetrackingsystems.gradletest.FirstTest" time="30.962"/>
  <system-out><![CDATA[WARNING: No manifest file found at ./AndroidManifest.xml.Falling back to the Android OS resources only.
To remove this warning, annotate your test class with @Config(manifest=Config.NONE).
[WARN] You're instantiating an activity (android.app.Activity) directly; consider using Robolectric.buildActivity() instead.
DEBUG: Loading resources for android from jar:/Users/Ed/.m2/repository/org/robolectric/android-res/4.1.2_r1_rc/android-res-4.1.2_r1_rc-real.jar!/res...
INFO: no id mapping found for android:drawable/scrollbar_handle_horizontal; assigning ID #0x1140002
INFO: no id mapping found for android:drawable/scrollbar_handle_vertical; assigning ID #0x1140003
INFO: no id mapping found for android:color/highlighted_text_dark; assigning ID #0x1140004
INFO: no id mapping found for android:color/hint_foreground_dark; assigning ID #0x1140005
INFO: no id mapping found for android:color/link_text_dark; assigning ID #0x1140006
INFO: no id mapping found for android:color/dim_foreground_dark_disabled; assigning ID #0x1140007
INFO: no id mapping found for android:color/dim_foreground_dark; assigning ID #0x1140008
INFO: no id mapping found for android:color/dim_foreground_dark_inverse_disabled; assigning ID #0x1140009
INFO: no id mapping found for android:color/dim_foreground_dark_inverse; assigning ID #0x114000a
INFO: no id mapping found for android:color/bright_foreground_dark_inverse; assigning ID #0x114000b
INFO: no id mapping found for android:layout/text_edit_paste_window; assigning ID #0x114000c
INFO: no id mapping found for android:layout/text_edit_no_paste_window; assigning ID #0x114000d
INFO: no id mapping found for android:layout/text_edit_side_paste_window; assigning ID #0x114000e
INFO: no id mapping found for android:layout/text_edit_side_no_paste_window; assigning ID #0x114000f
INFO: no id mapping found for android:layout/text_edit_suggestion_item; assigning ID #0x1140010
]]></system-out>
  <system-err><![CDATA[Current policy properties:
	mmc.sess_pe_act.block_unsigned: false
	window.num_max: 5
	jscan.sess_applet_act.sig_trusted: pass
	file.destructive.state: disabled
	jscan.sess_applet_act.block_all: false
	window.num_limited: true
	jscan.sess_applet_act.unsigned: instrument
	mmc.sess_pe_act.action: validate
	jscan.session.daemon_protocol: http
	file.read.state: disabled
	mmc.sess_pe_act.block_invalid: true
	mmc.sess_pe_act.block_blacklisted: false
	net.bind_enable: false
	jscan.session.policyname: TU1DIERlZmF1bHQgUG9saWN5
	mmc.sess_cab_act.block_unsigned: false
	file.nondestructive.state: disabled
	jscan.session.origin_uri: http://repo1.maven.org/maven2/org/apache/ant/ant/1.8.0/ant-1.8.0.jar
	mmc.sess_cab_act.action: validate
	net.connect_other: false
	jscan.session.user_ipaddr: 172.16.4.106
	jscan.sess_applet_act.sig_invalid: block
	mmc.sess_cab_act.block_invalid: true
	thread.thread_num_max: 8
	jscan.sess_applet_act.sig_blacklisted: block
	net.connect_src: true
	thread.thread_num_limited: true
	jscan.sess_applet_act.stub_out_blocked_applet: true
	mmc.sess_cab_act.block_blacklisted: true
	jscan.session.user_name: MTcyLjE2LjQuMTA2
	thread.threadgroup_create: false
	file.write.state: disabled
-->> returning Frame NULL
BaseDialog: owner frame is a java.awt.Frame
-->> returning Frame NULL
BaseDialog: owner frame is a java.awt.Frame
-->> returning Frame NULL
BaseDialog: owner frame is a java.awt.Frame
-->> returning Frame NULL
BaseDialog: owner frame is a java.awt.Frame
-->> returning Frame NULL
BaseDialog: owner frame is a java.awt.Frame
-->> returning Frame NULL
BaseDialog: owner frame is a java.awt.Frame
-->> returning Frame NULL
BaseDialog: owner frame is a java.awt.Frame
-->> returning Frame NULL
BaseDialog: owner frame is a java.awt.Frame
-->> returning Frame NULL
BaseDialog: owner frame is a java.awt.Frame
-->> returning Frame NULL
BaseDialog: owner frame is a java.awt.Frame
-->> returning Frame NULL
BaseDialog: owner frame is a java.awt.Frame
-->> returning Frame NULL
BaseDialog: owner frame is a java.awt.Frame
-->> returning Frame NULL
BaseDialog: owner frame is a java.awt.Frame
-->> returning Frame NULL
BaseDialog: owner frame is a java.awt.Frame
-->> returning Frame NULL
BaseDialog: owner frame is a java.awt.Frame
-->> returning Frame NULL
BaseDialog: owner frame is a java.awt.Frame
-->> returning Frame NULL
BaseDialog: owner frame is a java.awt.Frame
-->> returning Frame NULL
BaseDialog: owner frame is a java.awt.Frame
-->> returning Frame NULL
BaseDialog: owner frame is a java.awt.Frame
-->> returning Frame NULL
BaseDialog: owner frame is a java.awt.Frame
-->> returning Frame NULL
BaseDialog: owner frame is a java.awt.Frame
-->> returning Frame NULL
BaseDialog: owner frame is a java.awt.Frame
-->> returning Frame NULL
BaseDialog: owner frame is a java.awt.Frame
-->> returning Frame NULL
BaseDialog: owner frame is a java.awt.Frame
-->> returning Frame NULL
BaseDialog: owner frame is a java.awt.Frame
-->> returning Frame NULL
BaseDialog: owner frame is a java.awt.Frame
-->> returning Frame NULL
BaseDialog: owner frame is a java.awt.Frame
-->> returning Frame NULL
BaseDialog: owner frame is a java.awt.Frame
-->> returning Frame NULL
BaseDialog: owner frame is a java.awt.Frame
-->> returning Frame NULL
BaseDialog: owner frame is a java.awt.Frame
-->> returning Frame NULL
BaseDialog: owner frame is a java.awt.Frame
-->> returning Frame NULL
BaseDialog: owner frame is a java.awt.Frame
-->> returning Frame NULL
BaseDialog: owner frame is a java.awt.Frame
-->> returning Frame NULL
BaseDialog: owner frame is a java.awt.Frame
-->> returning Frame NULL
BaseDialog: owner frame is a java.awt.Frame
-->> returning Frame NULL
BaseDialog: owner frame is a java.awt.Frame
-->> returning Frame NULL
BaseDialog: owner frame is a java.awt.Frame
-->> returning Frame NULL
BaseDialog: owner frame is a java.awt.Frame
-->> returning Frame NULL
BaseDialog: owner frame is a java.awt.Frame
-->> returning Frame NULL
BaseDialog: owner frame is a java.awt.Frame
-->> returning Frame NULL
BaseDialog: owner frame is a java.awt.Frame
-->> returning Frame NULL
BaseDialog: owner frame is a java.awt.Frame
-->> returning Frame NULL
BaseDialog: owner frame is a java.awt.Frame
-->> returning Frame NULL
BaseDialog: owner frame is a java.awt.Frame
-->> returning Frame NULL
BaseDialog: owner frame is a java.awt.Frame
-->> returning Frame NULL
BaseDialog: owner frame is a java.awt.Frame
-->> returning Frame NULL
BaseDialog: owner frame is a java.awt.Frame
-->> returning Frame NULL
BaseDialog: owner frame is a java.awt.Frame
-->> returning Frame NULL
BaseDialog: owner frame is a java.awt.Frame
-->> returning Frame NULL
BaseDialog: owner frame is a java.awt.Frame
-->> returning Frame NULL
BaseDialog: owner frame is a java.awt.Frame
-->> returning Frame NULL
BaseDialog: owner frame is a java.awt.Frame
-->> returning Frame NULL
BaseDialog: owner frame is a java.awt.Frame
-->> returning Frame NULL
BaseDialog: owner frame is a java.awt.Frame
-->> returning Frame NULL
BaseDialog: owner frame is a java.awt.Frame
-->> returning Frame NULL
BaseDialog: owner frame is a java.awt.Frame
-->> returning Frame NULL
BaseDialog: owner frame is a java.awt.Frame
-->> returning Frame NULL
BaseDialog: owner frame is a java.awt.Frame
-->> returning Frame NULL
BaseDialog: owner frame is a java.awt.Frame
-->> returning Frame NULL
BaseDialog: owner frame is a java.awt.Frame
-->> returning Frame NULL
BaseDialog: owner frame is a java.awt.Frame
-->> returning Frame NULL
BaseDialog: owner frame is a java.awt.Frame
-->> returning Frame NULL
BaseDialog: owner frame is a java.awt.Frame
-->> returning Frame NULL
BaseDialog: owner frame is a java.awt.Frame
-->> returning Frame NULL
BaseDialog: owner frame is a java.awt.Frame
-->> returning Frame NULL
BaseDialog: owner frame is a java.awt.Frame
-->> returning Frame NULL
BaseDialog: owner frame is a java.awt.Frame
-->> returning Frame NULL
BaseDialog: owner frame is a java.awt.Frame
-->> returning Frame NULL
BaseDialog: owner frame is a java.awt.Frame
-->> returning Frame NULL
BaseDialog: owner frame is a java.awt.Frame
-->> returning Frame NULL
BaseDialog: owner frame is a java.awt.Frame
-->> returning Frame NULL
BaseDialog: owner frame is a java.awt.Frame
-->> returning Frame NULL
BaseDialog: owner frame is a java.awt.Frame
-->> returning Frame NULL
BaseDialog: owner frame is a java.awt.Frame
-->> returning Frame NULL
BaseDialog: owner frame is a java.awt.Frame
-->> returning Frame NULL
BaseDialog: owner frame is a java.awt.Frame
-->> returning Frame NULL
BaseDialog: owner frame is a java.awt.Frame
-->> returning Frame NULL
BaseDialog: owner frame is a java.awt.Frame
-->> returning Frame NULL
BaseDialog: owner frame is a java.awt.Frame
-->> returning Frame NULL
BaseDialog: owner frame is a java.awt.Frame
-->> returning Frame NULL
BaseDialog: owner frame is a java.awt.Frame
-->> returning Frame NULL
-->> returning Frame NULL
-->> returning Frame NULL
BaseDialog: owner frame is a java.awt.Frame
BaseDialog: owner frame is a java.awt.Frame
BaseDialog: owner frame is a java.awt.Frame
-->> returning Frame NULL
BaseDialog: owner frame is a java.awt.Frame
-->> returning Frame NULL
BaseDialog: owner frame is a java.awt.Frame
-->> returning Frame NULL
BaseDialog: owner frame is a java.awt.Frame
-->> returning Frame NULL
BaseDialog: owner frame is a java.awt.Frame
-->> returning Frame NULL
BaseDialog: owner frame is a java.awt.Frame
-->> returning Frame NULL
BaseDialog: owner frame is a java.awt.Frame
-->> returning Frame NULL
BaseDialog: owner frame is a java.awt.Frame
-->> returning Frame NULL
BaseDialog: owner frame is a java.awt.Frame
Current policy properties:
	mmc.sess_pe_act.block_unsigned: false
	window.num_max: 5
	jscan.sess_applet_act.sig_trusted: pass
	file.destructive.state: disabled
	jscan.sess_applet_act.block_all: false
	window.num_limited: true
	jscan.sess_applet_act.unsigned: instrument
	mmc.sess_pe_act.action: validate
	jscan.session.daemon_protocol: http
	file.read.state: disabled
	mmc.sess_pe_act.block_invalid: true
	mmc.sess_pe_act.block_blacklisted: false
	net.bind_enable: false
	jscan.session.policyname: TU1DIERlZmF1bHQgUG9saWN5
	mmc.sess_cab_act.block_unsigned: false
	file.nondestructive.state: disabled
	jscan.session.origin_uri: http://repo1.maven.org/maven2/org/robolectric/android-base/4.1.2_r1_rc/android-base-4.1.2_r1_rc-real.jar
	mmc.sess_cab_act.action: validate
	net.connect_other: false
	jscan.session.user_ipaddr: 172.16.4.106
	jscan.sess_applet_act.sig_invalid: block
	mmc.sess_cab_act.block_invalid: true
	thread.thread_num_max: 8
	jscan.sess_applet_act.sig_blacklisted: block
	net.connect_src: true
	thread.thread_num_limited: true
	jscan.sess_applet_act.stub_out_blocked_applet: true
	mmc.sess_cab_act.block_blacklisted: true
	jscan.session.user_name: MTcyLjE2LjQuMTA2
	thread.threadgroup_create: false
	file.write.state: disabled
WARNING: no system properties value for ro.build.date.utc
-->> returning Frame NULL
BaseDialog: owner frame is a java.awt.Frame
-->> returning Frame NULL
BaseDialog: owner frame is a java.awt.Frame
-->> returning Frame NULL
BaseDialog: owner frame is a java.awt.Frame
-->> returning Frame NULL
BaseDialog: owner frame is a java.awt.Frame
-->> returning Frame NULL
BaseDialog: owner frame is a java.awt.Frame
-->> returning Frame NULL
BaseDialog: owner frame is a java.awt.Frame
-->> returning Frame NULL
BaseDialog: owner frame is a java.awt.Frame
-->> returning Frame NULL
BaseDialog: owner frame is a java.awt.Frame
-->> returning Frame NULL
BaseDialog: owner frame is a java.awt.Frame
-->> returning Frame NULL
BaseDialog: owner frame is a java.awt.Frame
-->> returning Frame NULL
BaseDialog: owner frame is a java.awt.Frame
-->> returning Frame NULL
BaseDialog: owner frame is a java.awt.Frame
-->> returning Frame NULL
BaseDialog: owner frame is a java.awt.Frame
-->> returning Frame NULL
BaseDialog: owner frame is a java.awt.Frame
-->> returning Frame NULL
BaseDialog: owner frame is a java.awt.Frame
-->> returning Frame NULL
BaseDialog: owner frame is a java.awt.Frame
-->> returning Frame NULL
BaseDialog: owner frame is a java.awt.Frame
-->> returning Frame NULL
BaseDialog: owner frame is a java.awt.Frame
-->> returning Frame NULL
BaseDialog: owner frame is a java.awt.Frame
-->> returning Frame NULL
BaseDialog: owner frame is a java.awt.Frame
-->> returning Frame NULL
BaseDialog: owner frame is a java.awt.Frame
-->> returning Frame NULL
BaseDialog: owner frame is a java.awt.Frame
-->> returning Frame NULL
BaseDialog: owner frame is a java.awt.Frame
-->> returning Frame NULL
BaseDialog: owner frame is a java.awt.Frame
]]></system-err>
</testsuite>
